<?xml version="1.0" encoding="UTF-8"?>
<beans xmlns="http://www.springframework.org/schema/beans"
	xmlns:xsi="http://www.w3.org/2001/XMLSchema-instance"
	xmlns:aop="http://www.springframework.org/schema/aop"
    xmlns:context="http://www.springframework.org/schema/context"
    xmlns:tx="http://www.springframework.org/schema/tx"
	xsi:schemaLocation="
    http://www.springframework.org/schema/aop http://www.springframework.org/schema/aop/spring-aop-3.1.xsd
	http://www.springframework.org/schema/beans http://www.springframework.org/schema/beans/spring-beans-3.1.xsd
    http://www.springframework.org/schema/context http://www.springframework.org/schema/context/spring-context-3.1.xsd
    http://www.springframework.org/schema/tx http://www.springframework.org/schema/tx/spring-tx-3.1.xsd">

    <aop:aspectj-autoproxy/>
    <tx:annotation-driven/>
   
   <!-- 
    <aop:config>
        <aop:pointcut id="restOperation"
        expression="execution(public * org.mifos.platform.rest.controller.stub.*RESTController.*(..))"/>
        <aop:advisor advice-ref="approvalInterceptor" pointcut-ref="restOperation"/>
    </aop:config>

    <bean id="approvalInterceptor" class="org.mifos.rest.approval.aop.ApprovalInterceptor"/>

    <bean id="invocationHandler" class="org.mifos.rest.approval.aop.ApprovalMethodInvocationHandler"/>
    
     -->
    
    <context:component-scan base-package="org.mifos.platform.rest.controller.stub" />
    
    <context:component-scan base-package="org.mifos.rest.approval" />

    <bean class="org.springframework.core.LocalVariableTableParameterNameDiscoverer"/>
    <bean id="conversionService" class="org.springframework.context.support.ConversionServiceFactoryBean"/>

	<bean id="dataSource" class="org.springframework.jdbc.datasource.DriverManagerDataSource">
    	<property name="driverClassName" value="org.hsqldb.jdbcDriver" />
     	<property name="url" value="jdbc:hsqldb:mem:restMifos" />
        <property name="username" value="sa" />
        <property name="password" value="" />
 	</bean>

	<bean id="sessionFactory" class="org.springframework.orm.hibernate3.annotation.AnnotationSessionFactoryBean">
		<property name="dataSource" ref="dataSource" />
		<property name="configLocations">
          <list>
              <value>classpath:org/mifos/platform/rest/approval/domain/rest_hibernate.cfg.xml</value>
          </list>
        </property>
		<property name="hibernateProperties">
			<props>
				<prop key="hibernate.dialect"> org.hibernate.dialect.HSQLDialect</prop>
				<prop key="hibernate.show_sql">false</prop>
				<prop key="hibernate.hbm2ddl.auto">create</prop>
			</props>
		</property>
	</bean>
    
    <bean id="transactionManager" class="org.springframework.orm.hibernate3.HibernateTransactionManager">
  		<property name="sessionFactory" ref="sessionFactory" />
	</bean>
	
    <bean id="applicationContextProvider" class="org.mifos.application.servicefacade.ApplicationContextProvider">
         <property name="applicationContextHolder" ref="applicationContextHolder" />
    </bean>

    <bean id="applicationContextHolder" class="org.mifos.application.servicefacade.ApplicationContextHolder"/>

</beans>