<?xml version="1.0" encoding="UTF-8"?>
<beans xmlns="http://www.springframework.org/schema/beans" xmlns:sec="http://www.springframework.org/schema/security"
       xmlns:context="http://www.springframework.org/schema/context"
       xmlns:xsi="http://www.w3.org/2001/XMLSchema-instance"
       xmlns:aop="http://www.springframework.org/schema/aop" xmlns:tx="http://www.springframework.org/schema/tx"
       xsi:schemaLocation="
      http://www.springframework.org/schema/tx
      http://www.springframework.org/schema/tx/spring-tx-3.1.xsd
      http://www.springframework.org/schema/context
      http://www.springframework.org/schema/context/spring-context-3.1.xsd
      http://www.springframework.org/schema/aop
      http://www.springframework.org/schema/aop/spring-aop-3.1.xsd
      http://www.springframework.org/schema/beans http://www.springframework.org/schema/beans/spring-beans-3.1.xsd
      http://www.springframework.org/schema/security http://www.springframework.org/schema/security/spring-security-3.1.xsd">

    <bean id="configurationLocator" class="org.mifos.framework.util.ConfigurationLocator">
       <property name="defaultConfigPath" value="/"/>
    </bean>

    <bean id="customIntegrationTestProperties" factory-bean="configurationLocator" factory-method="getCustomFilePath">
        <constructor-arg value="local.properties"/>
    </bean>

    <bean id="integrationPropertyConfigurer"
          class="org.springframework.beans.factory.config.PropertyPlaceholderConfigurer">
        <property name="ignoreResourceNotFound" value="true"/>
        <property name="locations">
            <list>
                <value>classpath:integrationDatabase.properties</value>
                <ref bean="customIntegrationTestProperties"/>
                <value>classpath:questionnaire.properties</value>
            </list>
        </property>
    </bean>

    <bean id="dataSource" class="com.mchange.v2.c3p0.ComboPooledDataSource">
        <property name="driverClass" value="${integration.database.driver}"/>
        <property name="jdbcUrl"
                  value="jdbc:mysql://${integration.database.host}:${integration.database.port}/${integration.database}"/>
        <property name="user" value="${integration.database.user}"/>
        <property name="password" value="${integration.database.password}"/>
        <property name="initialPoolSize" value="5"></property>
        <property name="minPoolSize" value="${integration.database.hibernate.c3p0.min_size}"/>
        <property name="maxPoolSize" value="${integration.database.hibernate.c3p0.max_size}"/>
        <property name="checkoutTimeout" value="${integration.database.hibernate.c3p0.timeout}"/>
        <property name="maxStatements" value="${integration.database.hibernate.c3p0.max_statements}"></property>
        <property name="testConnectionOnCheckout" value="false"/>
        <property name="idleConnectionTestPeriod"
                  value="${integration.database.hibernate.c3p0.idle_test_period}"></property>
    </bean>

    <bean id="dbSpecificHibernateProperties"
          class="org.springframework.beans.factory.config.PropertiesFactoryBean">
        <property name="properties">
            <props>
                <prop key="hibernate.dialect">${integration.database.hibernate.dialect}</prop>
                <prop key="hibernate.show_sql">${integration.database.hibernate.show_sql}</prop>
                <prop key="hibernate.generate_statistics">false</prop>
                <prop key="hibernate.format_sql">false</prop>
                <prop key="hibernate.use_sql_comments">false</prop>
                <prop key="hibernate.cache.use_query_cache">
                    ${integration.database.hibernate.cache.use_query_cache}
                </prop>
                <prop key="hibernate.cache.use_second_level_cache">
                    ${integration.database.hibernate.cache.use_second_level_cache}
                </prop>
                <prop key="hibernate.connection.provider_class">
                    ${integration.database.hibernate.connection.provider_class}
                </prop>
            </props>
        </property>
    </bean>
</beans>
